Ahmedabad
Allahabad
Anantapur
Austin
Austin Texas
Bangalore
Belagavi
Belgaum
BHILAI
Bhubaneswar
Bhusawal
Bombay
Budhgaon
Calicut
Ceres
Chicago
Chinchwad
Chiplun
Columbus
Dhanbad
Dhanori
Dist-Sangali
Dubai
DURG
Gandhinagar
Hawaii
Hubli
Hyderabad
Ichalkaranji
Indore
Islampur
Islampur Tal-Walawa Dist-Sangali
Jalgaon
Kolhapur
Kolkata
Minneapolis
Mira-Bhayandar
Miraj
Muzaffarnagar
Nagpur
Nahata
Nanded
Nashik
Pachora
Pachora Dist
Pune
RAJNANDGAON
San Jose
San Jose California
Sawantwadi
Shenzhen
Singapore
Solan
Thane
Tirupati
Vadgaon
Vadodara
Warananagar
York
Nizamabad
Alibag
Nasik
Malegaon
Moga
Ghandhinagar
Kadapa
Mariyapuram
Murshidabad
Nagar
Narhe
Poud
Shahada
Vadgoan
Sangli
Kolhapure
ATP
Mumbai
Aklera
Bhopal
Jhalawad
Parbhani
Darbhanga
Raygadcxhascvasjchka
cxhascvasjchka
PUNE
New York
NY
NJ
NC
CO
Toronto
Mississauga
Mississauga (Canada)
London(UK)
Amsterdam, (NL)
Tokyo (Japan)
Hong Kong
Abu Dhabi (UAE)
Delhi
Chennai
Trichy
Salem
