of exp
of Exp
of experience
of Experience
of work experience
of Work Experience
of work exp
of Work Exp
of professional experience
of Professional Experience
of professional exp
of Professional Exp
of professional working experience
of Professional Working Experience
of professional working exp
of Professional Working Exp
of working professional experience
of working professional experience
of working professional exp
of working professional exp
of committed work experience
of committed work exp
of extensive experience
of expérience
of Microsoft SharePoint experience
Years Exp.
