aditya
Akshay
Amit
AMOL
Anup
Ashish
Ashvani
Ashwin
Atharva
Chetan
Deepak
Deepali
DINESH
Gajanan
Gaurav
GAYATRI
Hemant
Jagannath
Jaysing
JOHN
Jose
Kajal
Kamalakar
KARAN
Kaur
kedar
Kedarnath
KRITIKA
Kunal
Madhukar
Mahadeo
Mahesh
Mallikarjun
Manasi
Mansi
Meenal
Nagabhushana
Nainpreet
Navin
Nilesh
Priyanka
Rahul
Rajesh
RITU
Sarvesh
SHARAD
Suhrud
SUMAN
Sumesh
Sunil
SUSHIL
Swayamprakashee
Tejas
VALMIK
Vasanti
Vishal
Vishvas
Vishwas
YOGESHWAR
ARBIND
Arbind
ANKIT
Anand
Amol
Afroz
Chaitanya
Chinmay
DHARIN
Diwakar
GAURAV
JAYESH
Jayesh
GIRISH
Suresh
Pramod
suresh
SHAKEEL
Mohammed Shakeel
JAYAPRAKASH
Yogesh
Suraj
Sushant
Sumit
Rahul
Ashu

Devashree
