Agarwal
Aher
Babhale
Bamble
Bhate
Chagam
Challa
Dabhi
Datta
Deore
Dhabi
Gangshettiwar
Garware
Golande
Horakeri
Hunuswadkar
Jagtap
Jain
JOSHI
Kakde
Kakde 
Kale
KHANDELWAL
Kore
Kothari
Kulkarni
Kumar
Makkad
Mane
Mhetre
Mohan
Nakate
Narkhede
Panda
Patanaik
Patel
Patil
Pattanaik
Phadnis
POTBHARE
Potdar
Raisoni
Ratanakar
Reddy
Rout
Roychowdhury
Runwal
Saaty
Sanghi
Sarawade
Sastri
Sawant
Shah
SHAHA
Sobhan
Tondon
Verma
VISHE
Wagh
Waval
AGRAWAL
Momin
Ranade
Apte
RAJGOR
Sharma
SAXENA
DESHMUKH
Dixit
kHAN
khan
Khan
Nanded
TATAGARI
Navlani
Deo
Roy
Gawade
Nigade
Choudhary
Harshwardhan
Kabra
