Azadnagar
Bandra
Baner
Mohanwadi
Nharhe
Sangavi
Shahada
Sion
Yerwada
Ganeshkhind
Golmarket
Hadapsar
Handewadi
Hingne
Hinjewadi
Parel
Shivajinagar
Subhanpura
Wadgaonsheri
Wakad
Wanowarie
Warje-Malwadi
Tal-Walawa
Pimple Nilakh
Kothrud
Savali
Nigdi
Kothroud
Pimpri
Picket
Sinhagad Road
Dhankawadi
KondhwaPimple Saudagar
Pimple Saudagar
's
Phase
Blue Ridge
Paranjpe Schemes
Rajiv Gandhi Infotech Park
Hinjawadi
Pimpri-
Pimpri
B Wing
B
Embassy Techzone
Rajiv Gandhi Info Tech
Cerebrum IT Park
Kalyaninagar
Kalyani Nagar
Zensar Knowledge Park
Kharadi
Warje
Bhalerao Towers
EON IT Park
