Hands-on experience in
thoroughly understand 
Essential skills and experience are 
thorough understanding of 
Excellent with 
Strong exposure on 
Solid understanding of 
Hands on
Excellent experience
Must be an expert
Must have good knowledge and experience of
Must be familiar with 
Execute all phases of 
Excellent
Proven track record of 
Strong
proficient
Hands on experience
Highly Proficient with
Should possess strong knowledge of 
expertise in 
(Must)
hands-on experience in
Technical ExpertiseStrong knowledge of
Must be
hands on
Excellent understanding
Expertise in
experience a must have
must have
Minimum
Solid experience in of
Must be comfortable
Strong experience
Expert in
solid understanding of
