Aashirwaad
Abhibus
aherchetan
ANAND
Andrew
Antholon
Aranya
Bapurao
Bhavani
Biju
Bilva
Birla
Canon Turner
Chandra
Chandrama
Charles
Chennamma
Chiranjeeb
Durga
Empire
Fakir
Fakir Mohan
Gangadhar
Ganpat
Ganpatrao
Gobing
guerline
Guru
itsme
Jabin
Jayawantrao
Kachana
Kadam
Kalyan
Kharadker
Khemraj
Krupa
Laddhawala
Madhav
Namdev
Nanak
Navarang
Nirmala
Oriental
Oscar
Pancham
Paras
Picasso
Radhika
Rajendra
Ram Chandra
Rani
RavindraWavle
rekhashivdasani
Saarrthi
Sadashiv
Sadhak
Sadhana
Samarth
Samartha
Sambhaji
Santosh
Sarba
Sarveswar
Savitri
Sheth
Shivmangal
Shobha
Shradha
Shri
Shri Guru Gobing
Shri Ram Chandra
Singhji
Sneh
suhrudpotdar
Sunita
SWAMI
SWAMI VIVEKANAND
Tatyasaheb
Thepade
Thomas
Turner
Venkatesh
vidya
Vidya Gajanan
Vidya
Vittal
VIVEKANAND
Young Canon Turner
