Adhere to
Should have profound knowledge in
Should be proficient in
Perform 
Should closely work with 
Be responsible for 
Contribute in 
Key tasks include 
We are seeking 
The candidate should be 
great 
Wide ranging knowledge of 
Should be an expert
Should have good knowledge and experience of
Should be familiar with
Take ownership and responsibility of 
Should be able to Contribute
Roles and Responsibilities
Work on
Good
Should have experience
Experience with
Experience on
Experience in
Responsibilities 
Used 
Should be able to
Should be strong in
take ownership of
Experience building
 The job involves
 experience in software
Should have published
Solid understanding of
working experience
working experience with
Working experience with
